INFO 2022-01-07 22:36:45,406 Watching for file changes with StatReloader
INFO 2022-01-07 22:36:51,220 "GET / HTTP/1.1" 302 0
INFO 2022-01-07 22:36:51,268 "GET /accounts/login/?next=/ HTTP/1.1" 200 3981
INFO 2022-01-07 22:36:51,300 "GET /static/plugins/fontawesome-free/css/all.min.css HTTP/1.1" 200 58582
INFO 2022-01-07 22:36:51,301 "GET /static/plugins/toastr/toastr.min.css HTTP/1.1" 200 6454
INFO 2022-01-07 22:36:51,307 "GET /static/dist/img/login.png HTTP/1.1" 200 144918
INFO 2022-01-07 22:36:51,311 "GET /static/dist/css/login-page.css HTTP/1.1" 200 9064
INFO 2022-01-07 22:36:51,313 "GET /static/plugins/overlayScrollbars/css/OverlayScrollbars.min.css HTTP/1.1" 200 19736
INFO 2022-01-07 22:36:51,320 "GET /static/dist/css/adminlte.min.css HTTP/1.1" 200 686718
INFO 2022-01-07 22:36:51,325 "GET /static/dist/js/jquery.formset.js HTTP/1.1" 200 13881
INFO 2022-01-07 22:36:51,341 "GET /static/plugins/toastr/toastr.min.js HTTP/1.1" 200 5253
INFO 2022-01-07 22:36:51,342 "GET /static/dist/js/demo.js HTTP/1.1" 200 13042
INFO 2022-01-07 22:36:51,348 "GET /static/dist/js/adminlte.js HTTP/1.1" 200 59416
INFO 2022-01-07 22:36:51,353 "GET /static/plugins/overlayScrollbars/js/jquery.overlayScrollbars.min.js HTTP/1.1" 200 42395
INFO 2022-01-07 22:36:51,355 "GET /static/plugins/jquery/jquery.min.js HTTP/1.1" 200 88147
INFO 2022-01-07 22:36:51,359 "GET /static/plugins/bootstrap/js/bootstrap.bundle.min.js HTTP/1.1" 200 80704
WARNING 2022-01-07 22:36:51,412 Not Found: /favicon.ico
WARNING 2022-01-07 22:36:51,412 "GET /favicon.ico HTTP/1.1" 404 6202
INFO 2022-01-07 22:36:51,909 "GET /accounts/login/?next=/ HTTP/1.1" 200 3981
INFO 2022-01-07 22:36:52,274 "GET /static/plugins/fontawesome-free/webfonts/fa-solid-900.woff2 HTTP/1.1" 200 79444
INFO 2022-01-07 22:36:56,990 "POST /accounts/login/ HTTP/1.1" 302 0
INFO 2022-01-07 22:36:57,139 "GET / HTTP/1.1" 200 9290
INFO 2022-01-07 22:36:57,174 "GET /static/plugins/Datatables/datatables.min.css HTTP/1.1" 200 25807
INFO 2022-01-07 22:36:57,258 "GET /static/plugins/fontawesome-free/webfonts/fa-regular-400.woff2 HTTP/1.1" 200 13584
INFO 2022-01-07 22:36:57,424 "GET /static/plugins/Datatables/datatables.min.js HTTP/1.1" 200 2042927
INFO 2022-01-07 22:37:33,523 "GET /site-config HTTP/1.1" 200 10862
INFO 2022-01-07 22:37:33,559 "GET /static/plugins/fontawesome-free/css/all.min.css HTTP/1.1" 304 0
INFO 2022-01-07 22:37:33,560 "GET /static/plugins/toastr/toastr.min.css HTTP/1.1" 304 0
INFO 2022-01-07 22:37:33,565 "GET /static/plugins/jquery/jquery.min.js HTTP/1.1" 304 0
INFO 2022-01-07 22:37:33,565 "GET /static/dist/js/jquery.formset.js HTTP/1.1" 304 0
INFO 2022-01-07 22:37:33,565 "GET /static/plugins/bootstrap/js/bootstrap.bundle.min.js HTTP/1.1" 304 0
INFO 2022-01-07 22:37:33,566 "GET /static/plugins/Datatables/datatables.min.css HTTP/1.1" 304 0
INFO 2022-01-07 22:37:33,566 "GET /static/dist/css/adminlte.min.css HTTP/1.1" 304 0
INFO 2022-01-07 22:37:33,566 "GET /static/plugins/overlayScrollbars/css/OverlayScrollbars.min.css HTTP/1.1" 304 0
INFO 2022-01-07 22:37:33,571 "GET /static/plugins/toastr/toastr.min.js HTTP/1.1" 304 0
INFO 2022-01-07 22:37:33,572 "GET /static/dist/js/demo.js HTTP/1.1" 304 0
INFO 2022-01-07 22:37:33,572 "GET /static/plugins/Datatables/datatables.min.js HTTP/1.1" 304 0
INFO 2022-01-07 22:37:33,572 "GET /static/dist/js/adminlte.js HTTP/1.1" 304 0
INFO 2022-01-07 22:37:33,572 "GET /static/plugins/overlayScrollbars/js/jquery.overlayScrollbars.min.js HTTP/1.1" 304 0
INFO 2022-01-07 22:38:55,851 "POST /site-config HTTP/1.1" 200 10914
INFO 2022-01-07 22:38:55,884 "GET /static/plugins/fontawesome-free/css/all.min.css HTTP/1.1" 304 0
INFO 2022-01-07 22:38:55,893 "GET /static/dist/js/jquery.formset.js HTTP/1.1" 304 0
INFO 2022-01-07 22:38:55,894 "GET /static/plugins/overlayScrollbars/css/OverlayScrollbars.min.css HTTP/1.1" 304 0
INFO 2022-01-07 22:38:55,895 "GET /static/plugins/jquery/jquery.min.js HTTP/1.1" 304 0
INFO 2022-01-07 22:38:55,895 "GET /static/plugins/Datatables/datatables.min.css HTTP/1.1" 304 0
INFO 2022-01-07 22:38:55,896 "GET /static/plugins/toastr/toastr.min.css HTTP/1.1" 304 0
INFO 2022-01-07 22:38:55,896 "GET /static/dist/css/adminlte.min.css HTTP/1.1" 304 0
INFO 2022-01-07 22:38:55,896 "GET /static/plugins/bootstrap/js/bootstrap.bundle.min.js HTTP/1.1" 304 0
INFO 2022-01-07 22:38:55,899 "GET /static/plugins/toastr/toastr.min.js HTTP/1.1" 304 0
INFO 2022-01-07 22:38:55,900 "GET /static/plugins/overlayScrollbars/js/jquery.overlayScrollbars.min.js HTTP/1.1" 304 0
INFO 2022-01-07 22:38:55,900 "GET /static/dist/js/adminlte.js HTTP/1.1" 304 0
INFO 2022-01-07 22:38:55,901 "GET /static/dist/js/demo.js HTTP/1.1" 304 0
INFO 2022-01-07 22:38:55,901 "GET /static/plugins/Datatables/datatables.min.js HTTP/1.1" 304 0
INFO 2022-01-07 22:38:55,968 "GET /static/plugins/fontawesome-free/webfonts/fa-regular-400.woff2 HTTP/1.1" 304 0
INFO 2022-01-07 22:38:55,968 "GET /static/plugins/fontawesome-free/webfonts/fa-solid-900.woff2 HTTP/1.1" 304 0
INFO 2022-01-07 22:39:00,000 "GET /session/list/ HTTP/1.1" 200 11598
INFO 2022-01-07 22:39:05,317 "GET /session/list/ HTTP/1.1" 200 11598
INFO 2022-01-07 22:39:08,025 "GET /term/list/ HTTP/1.1" 200 12231
INFO 2022-01-07 22:39:17,460 "GET /class/list/ HTTP/1.1" 200 11410
INFO 2022-01-07 22:39:21,176 "GET /result/create/ HTTP/1.1" 200 10386
INFO 2022-01-07 22:39:22,784 "GET /result/edit-results/ HTTP/1.1" 200 10104
INFO 2022-01-07 22:39:24,143 "GET /result/view/all HTTP/1.1" 200 8834
INFO 2022-01-07 22:39:25,534 "GET /result/create/ HTTP/1.1" 200 10386
INFO 2022-01-07 22:39:27,159 "POST /result/create/ HTTP/1.1" 200 10530
INFO 2022-01-07 22:39:31,185 "GET /student/list HTTP/1.1" 200 9946
INFO 2022-01-07 22:39:34,601 "GET /staff/list/ HTTP/1.1" 200 9687
INFO 2022-01-07 22:39:37,434 "GET /student/list HTTP/1.1" 200 9946
INFO 2022-01-07 22:39:40,527 "GET /site-config HTTP/1.1" 200 10862
INFO 2022-01-07 22:39:40,556 "GET /static/plugins/fontawesome-free/css/all.min.css HTTP/1.1" 304 0
INFO 2022-01-07 22:39:40,562 "GET /static/plugins/overlayScrollbars/css/OverlayScrollbars.min.css HTTP/1.1" 304 0
INFO 2022-01-07 22:39:40,563 "GET /static/plugins/toastr/toastr.min.css HTTP/1.1" 304 0
INFO 2022-01-07 22:39:40,567 "GET /static/plugins/Datatables/datatables.min.css HTTP/1.1" 304 0
INFO 2022-01-07 22:39:40,569 "GET /static/dist/css/adminlte.min.css HTTP/1.1" 304 0
INFO 2022-01-07 22:39:40,570 "GET /static/plugins/bootstrap/js/bootstrap.bundle.min.js HTTP/1.1" 304 0
INFO 2022-01-07 22:39:40,570 "GET /static/plugins/toastr/toastr.min.js HTTP/1.1" 304 0
INFO 2022-01-07 22:39:40,570 "GET /static/plugins/jquery/jquery.min.js HTTP/1.1" 304 0
INFO 2022-01-07 22:39:40,571 "GET /static/plugins/overlayScrollbars/js/jquery.overlayScrollbars.min.js HTTP/1.1" 304 0
INFO 2022-01-07 22:39:40,572 "GET /static/dist/js/jquery.formset.js HTTP/1.1" 304 0
INFO 2022-01-07 22:39:40,573 "GET /static/dist/js/adminlte.js HTTP/1.1" 304 0
INFO 2022-01-07 22:39:40,573 "GET /static/dist/js/demo.js HTTP/1.1" 304 0
INFO 2022-01-07 22:39:40,574 "GET /static/plugins/Datatables/datatables.min.js HTTP/1.1" 304 0
INFO 2022-01-07 22:39:58,385 "POST /site-config HTTP/1.1" 200 10884
INFO 2022-01-07 22:40:01,819 "POST /site-config HTTP/1.1" 200 10883
INFO 2022-01-07 22:40:03,260 "POST /site-config HTTP/1.1" 200 10883
INFO 2022-01-07 22:40:04,944 "GET / HTTP/1.1" 200 9290
INFO 2022-01-07 22:40:06,827 "GET /site-config HTTP/1.1" 200 10862
WARNING 2022-01-07 22:44:11,699 The request's session was deleted before the request completed. The user may have logged out in a concurrent request, for example.: /site-config
Traceback (most recent call last):
  File "C:\Users\msi\AppData\Roaming\Python\Python38\site-packages\django\db\backends\utils.py", line 84, in _execute
    return self.cursor.execute(sql, params)
  File "C:\Users\msi\AppData\Roaming\Python\Python38\site-packages\django\db\backends\sqlite3\base.py", line 423, in execute
    return Database.Cursor.execute(self, query, params)
sqlite3.OperationalError: database is locked

The above exception was the direct cause of the following exception:

Traceback (most recent call last):
  File "C:\Users\msi\AppData\Roaming\Python\Python38\site-packages\django\contrib\sessions\backends\db.py", line 87, in save
    obj.save(force_insert=must_create, force_update=not must_create, using=using)
  File "C:\Users\msi\AppData\Roaming\Python\Python38\site-packages\django\db\models\base.py", line 726, in save
    self.save_base(using=using, force_insert=force_insert,
  File "C:\Users\msi\AppData\Roaming\Python\Python38\site-packages\django\db\models\base.py", line 763, in save_base
    updated = self._save_table(
  File "C:\Users\msi\AppData\Roaming\Python\Python38\site-packages\django\db\models\base.py", line 845, in _save_table
    updated = self._do_update(base_qs, using, pk_val, values, update_fields,
  File "C:\Users\msi\AppData\Roaming\Python\Python38\site-packages\django\db\models\base.py", line 899, in _do_update
    return filtered._update(values) > 0
  File "C:\Users\msi\AppData\Roaming\Python\Python38\site-packages\django\db\models\query.py", line 802, in _update
    return query.get_compiler(self.db).execute_sql(CURSOR)
  File "C:\Users\msi\AppData\Roaming\Python\Python38\site-packages\django\db\models\sql\compiler.py", line 1559, in execute_sql
    cursor = super().execute_sql(result_type)
  File "C:\Users\msi\AppData\Roaming\Python\Python38\site-packages\django\db\models\sql\compiler.py", line 1175, in execute_sql
    cursor.execute(sql, params)
  File "C:\Users\msi\AppData\Roaming\Python\Python38\site-packages\django\db\backends\utils.py", line 98, in execute
    return super().execute(sql, params)
  File "C:\Users\msi\AppData\Roaming\Python\Python38\site-packages\django\db\backends\utils.py", line 66, in execute
    return self._execute_with_wrappers(sql, params, many=False, executor=self._execute)
  File "C:\Users\msi\AppData\Roaming\Python\Python38\site-packages\django\db\backends\utils.py", line 75, in _execute_with_wrappers
    return executor(sql, params, many, context)
  File "C:\Users\msi\AppData\Roaming\Python\Python38\site-packages\django\db\backends\utils.py", line 84, in _execute
    return self.cursor.execute(sql, params)
  File "C:\Users\msi\AppData\Roaming\Python\Python38\site-packages\django\db\utils.py", line 90, in __exit__
    raise dj_exc_value.with_traceback(traceback) from exc_value
  File "C:\Users\msi\AppData\Roaming\Python\Python38\site-packages\django\db\backends\utils.py", line 84, in _execute
    return self.cursor.execute(sql, params)
  File "C:\Users\msi\AppData\Roaming\Python\Python38\site-packages\django\db\backends\sqlite3\base.py", line 423, in execute
    return Database.Cursor.execute(self, query, params)
django.db.utils.OperationalError: database is locked

During handling of the above exception, another exception occurred:

Traceback (most recent call last):
  File "C:\Users\msi\AppData\Roaming\Python\Python38\site-packages\django\contrib\sessions\middleware.py", line 61, in process_response
    request.session.save()
  File "C:\Users\msi\AppData\Roaming\Python\Python38\site-packages\django\contrib\sessions\backends\db.py", line 94, in save
    raise UpdateError
django.contrib.sessions.backends.base.UpdateError

During handling of the above exception, another exception occurred:

Traceback (most recent call last):
  File "C:\Users\msi\AppData\Roaming\Python\Python38\site-packages\django\core\handlers\exception.py", line 47, in inner
    response = get_response(request)
  File "C:\Users\msi\AppData\Roaming\Python\Python38\site-packages\django\utils\deprecation.py", line 119, in __call__
    response = self.process_response(request, response)
  File "C:\Users\msi\AppData\Roaming\Python\Python38\site-packages\django\contrib\sessions\middleware.py", line 63, in process_response
    raise SessionInterrupted(
django.contrib.sessions.exceptions.SessionInterrupted: The request's session was deleted before the request completed. The user may have logged out in a concurrent request, for example.
WARNING 2022-01-07 22:44:11,702 "GET /site-config HTTP/1.1" 400 170832
WARNING 2022-01-07 22:44:32,213 The request's session was deleted before the request completed. The user may have logged out in a concurrent request, for example.: /
Traceback (most recent call last):
  File "C:\Users\msi\AppData\Roaming\Python\Python38\site-packages\django\db\backends\utils.py", line 84, in _execute
    return self.cursor.execute(sql, params)
  File "C:\Users\msi\AppData\Roaming\Python\Python38\site-packages\django\db\backends\sqlite3\base.py", line 423, in execute
    return Database.Cursor.execute(self, query, params)
sqlite3.OperationalError: database is locked

The above exception was the direct cause of the following exception:

Traceback (most recent call last):
  File "C:\Users\msi\AppData\Roaming\Python\Python38\site-packages\django\contrib\sessions\backends\db.py", line 87, in save
    obj.save(force_insert=must_create, force_update=not must_create, using=using)
  File "C:\Users\msi\AppData\Roaming\Python\Python38\site-packages\django\db\models\base.py", line 726, in save
    self.save_base(using=using, force_insert=force_insert,
  File "C:\Users\msi\AppData\Roaming\Python\Python38\site-packages\django\db\models\base.py", line 763, in save_base
    updated = self._save_table(
  File "C:\Users\msi\AppData\Roaming\Python\Python38\site-packages\django\db\models\base.py", line 845, in _save_table
    updated = self._do_update(base_qs, using, pk_val, values, update_fields,
  File "C:\Users\msi\AppData\Roaming\Python\Python38\site-packages\django\db\models\base.py", line 899, in _do_update
    return filtered._update(values) > 0
  File "C:\Users\msi\AppData\Roaming\Python\Python38\site-packages\django\db\models\query.py", line 802, in _update
    return query.get_compiler(self.db).execute_sql(CURSOR)
  File "C:\Users\msi\AppData\Roaming\Python\Python38\site-packages\django\db\models\sql\compiler.py", line 1559, in execute_sql
    cursor = super().execute_sql(result_type)
  File "C:\Users\msi\AppData\Roaming\Python\Python38\site-packages\django\db\models\sql\compiler.py", line 1175, in execute_sql
    cursor.execute(sql, params)
  File "C:\Users\msi\AppData\Roaming\Python\Python38\site-packages\django\db\backends\utils.py", line 98, in execute
    return super().execute(sql, params)
  File "C:\Users\msi\AppData\Roaming\Python\Python38\site-packages\django\db\backends\utils.py", line 66, in execute
    return self._execute_with_wrappers(sql, params, many=False, executor=self._execute)
  File "C:\Users\msi\AppData\Roaming\Python\Python38\site-packages\django\db\backends\utils.py", line 75, in _execute_with_wrappers
    return executor(sql, params, many, context)
  File "C:\Users\msi\AppData\Roaming\Python\Python38\site-packages\django\db\backends\utils.py", line 84, in _execute
    return self.cursor.execute(sql, params)
  File "C:\Users\msi\AppData\Roaming\Python\Python38\site-packages\django\db\utils.py", line 90, in __exit__
    raise dj_exc_value.with_traceback(traceback) from exc_value
  File "C:\Users\msi\AppData\Roaming\Python\Python38\site-packages\django\db\backends\utils.py", line 84, in _execute
    return self.cursor.execute(sql, params)
  File "C:\Users\msi\AppData\Roaming\Python\Python38\site-packages\django\db\backends\sqlite3\base.py", line 423, in execute
    return Database.Cursor.execute(self, query, params)
django.db.utils.OperationalError: database is locked

During handling of the above exception, another exception occurred:

Traceback (most recent call last):
  File "C:\Users\msi\AppData\Roaming\Python\Python38\site-packages\django\contrib\sessions\middleware.py", line 61, in process_response
    request.session.save()
  File "C:\Users\msi\AppData\Roaming\Python\Python38\site-packages\django\contrib\sessions\backends\db.py", line 94, in save
    raise UpdateError
django.contrib.sessions.backends.base.UpdateError

During handling of the above exception, another exception occurred:

Traceback (most recent call last):
  File "C:\Users\msi\AppData\Roaming\Python\Python38\site-packages\django\core\handlers\exception.py", line 47, in inner
    response = get_response(request)
  File "C:\Users\msi\AppData\Roaming\Python\Python38\site-packages\django\utils\deprecation.py", line 119, in __call__
    response = self.process_response(request, response)
  File "C:\Users\msi\AppData\Roaming\Python\Python38\site-packages\django\contrib\sessions\middleware.py", line 63, in process_response
    raise SessionInterrupted(
django.contrib.sessions.exceptions.SessionInterrupted: The request's session was deleted before the request completed. The user may have logged out in a concurrent request, for example.
WARNING 2022-01-07 22:44:32,214 "GET / HTTP/1.1" 400 170320
INFO 2022-01-07 22:45:16,018 Watching for file changes with StatReloader
WARNING 2022-01-07 22:45:25,273 The request's session was deleted before the request completed. The user may have logged out in a concurrent request, for example.: /
Traceback (most recent call last):
  File "C:\Users\msi\AppData\Roaming\Python\Python38\site-packages\django\db\backends\utils.py", line 84, in _execute
    return self.cursor.execute(sql, params)
  File "C:\Users\msi\AppData\Roaming\Python\Python38\site-packages\django\db\backends\sqlite3\base.py", line 423, in execute
    return Database.Cursor.execute(self, query, params)
sqlite3.OperationalError: database is locked

The above exception was the direct cause of the following exception:

Traceback (most recent call last):
  File "C:\Users\msi\AppData\Roaming\Python\Python38\site-packages\django\contrib\sessions\backends\db.py", line 87, in save
    obj.save(force_insert=must_create, force_update=not must_create, using=using)
  File "C:\Users\msi\AppData\Roaming\Python\Python38\site-packages\django\db\models\base.py", line 726, in save
    self.save_base(using=using, force_insert=force_insert,
  File "C:\Users\msi\AppData\Roaming\Python\Python38\site-packages\django\db\models\base.py", line 763, in save_base
    updated = self._save_table(
  File "C:\Users\msi\AppData\Roaming\Python\Python38\site-packages\django\db\models\base.py", line 845, in _save_table
    updated = self._do_update(base_qs, using, pk_val, values, update_fields,
  File "C:\Users\msi\AppData\Roaming\Python\Python38\site-packages\django\db\models\base.py", line 899, in _do_update
    return filtered._update(values) > 0
  File "C:\Users\msi\AppData\Roaming\Python\Python38\site-packages\django\db\models\query.py", line 802, in _update
    return query.get_compiler(self.db).execute_sql(CURSOR)
  File "C:\Users\msi\AppData\Roaming\Python\Python38\site-packages\django\db\models\sql\compiler.py", line 1559, in execute_sql
    cursor = super().execute_sql(result_type)
  File "C:\Users\msi\AppData\Roaming\Python\Python38\site-packages\django\db\models\sql\compiler.py", line 1175, in execute_sql
    cursor.execute(sql, params)
  File "C:\Users\msi\AppData\Roaming\Python\Python38\site-packages\django\db\backends\utils.py", line 98, in execute
    return super().execute(sql, params)
  File "C:\Users\msi\AppData\Roaming\Python\Python38\site-packages\django\db\backends\utils.py", line 66, in execute
    return self._execute_with_wrappers(sql, params, many=False, executor=self._execute)
  File "C:\Users\msi\AppData\Roaming\Python\Python38\site-packages\django\db\backends\utils.py", line 75, in _execute_with_wrappers
    return executor(sql, params, many, context)
  File "C:\Users\msi\AppData\Roaming\Python\Python38\site-packages\django\db\backends\utils.py", line 84, in _execute
    return self.cursor.execute(sql, params)
  File "C:\Users\msi\AppData\Roaming\Python\Python38\site-packages\django\db\utils.py", line 90, in __exit__
    raise dj_exc_value.with_traceback(traceback) from exc_value
  File "C:\Users\msi\AppData\Roaming\Python\Python38\site-packages\django\db\backends\utils.py", line 84, in _execute
    return self.cursor.execute(sql, params)
  File "C:\Users\msi\AppData\Roaming\Python\Python38\site-packages\django\db\backends\sqlite3\base.py", line 423, in execute
    return Database.Cursor.execute(self, query, params)
django.db.utils.OperationalError: database is locked

During handling of the above exception, another exception occurred:

Traceback (most recent call last):
  File "C:\Users\msi\AppData\Roaming\Python\Python38\site-packages\django\contrib\sessions\middleware.py", line 61, in process_response
    request.session.save()
  File "C:\Users\msi\AppData\Roaming\Python\Python38\site-packages\django\contrib\sessions\backends\db.py", line 94, in save
    raise UpdateError
django.contrib.sessions.backends.base.UpdateError

During handling of the above exception, another exception occurred:

Traceback (most recent call last):
  File "C:\Users\msi\AppData\Roaming\Python\Python38\site-packages\django\core\handlers\exception.py", line 47, in inner
    response = get_response(request)
  File "C:\Users\msi\AppData\Roaming\Python\Python38\site-packages\django\utils\deprecation.py", line 119, in __call__
    response = self.process_response(request, response)
  File "C:\Users\msi\AppData\Roaming\Python\Python38\site-packages\django\contrib\sessions\middleware.py", line 63, in process_response
    raise SessionInterrupted(
django.contrib.sessions.exceptions.SessionInterrupted: The request's session was deleted before the request completed. The user may have logged out in a concurrent request, for example.
WARNING 2022-01-07 22:45:25,276 "GET / HTTP/1.1" 400 170457
INFO 2022-01-07 22:45:54,293 "GET / HTTP/1.1" 200 9298
INFO 2022-01-07 22:45:54,320 "GET /static/plugins/fontawesome-free/css/all.min.css HTTP/1.1" 304 0
INFO 2022-01-07 22:45:54,321 "GET /static/plugins/toastr/toastr.min.css HTTP/1.1" 304 0
INFO 2022-01-07 22:45:54,327 "GET /static/plugins/Datatables/datatables.min.css HTTP/1.1" 304 0
INFO 2022-01-07 22:45:54,327 "GET /static/dist/js/jquery.formset.js HTTP/1.1" 304 0
INFO 2022-01-07 22:45:54,327 "GET /static/dist/css/adminlte.min.css HTTP/1.1" 304 0
INFO 2022-01-07 22:45:54,328 "GET /static/plugins/bootstrap/js/bootstrap.bundle.min.js HTTP/1.1" 304 0
INFO 2022-01-07 22:45:54,328 "GET /static/plugins/jquery/jquery.min.js HTTP/1.1" 304 0
INFO 2022-01-07 22:45:54,328 "GET /static/plugins/overlayScrollbars/css/OverlayScrollbars.min.css HTTP/1.1" 304 0
INFO 2022-01-07 22:45:54,331 "GET /static/plugins/toastr/toastr.min.js HTTP/1.1" 304 0
INFO 2022-01-07 22:45:54,333 "GET /static/plugins/Datatables/datatables.min.js HTTP/1.1" 304 0
INFO 2022-01-07 22:45:54,333 "GET /static/dist/js/adminlte.js HTTP/1.1" 304 0
INFO 2022-01-07 22:45:54,334 "GET /static/dist/js/demo.js HTTP/1.1" 304 0
INFO 2022-01-07 22:45:54,334 "GET /static/plugins/overlayScrollbars/js/jquery.overlayScrollbars.min.js HTTP/1.1" 304 0
INFO 2022-01-07 22:45:54,376 "GET /static/plugins/fontawesome-free/webfonts/fa-regular-400.woff2 HTTP/1.1" 304 0
INFO 2022-01-07 22:45:54,376 "GET /static/plugins/fontawesome-free/webfonts/fa-solid-900.woff2 HTTP/1.1" 304 0
INFO 2022-01-07 22:45:57,552 "GET /site-config HTTP/1.1" 200 10873
INFO 2022-01-07 22:46:02,685 "GET /session/list/ HTTP/1.1" 200 11606
INFO 2022-01-07 22:46:14,111 "POST /session/create/ HTTP/1.1" 302 0
INFO 2022-01-07 22:46:14,236 "GET /session/list/ HTTP/1.1" 200 12094
INFO 2022-01-07 22:46:18,694 "GET /student/list HTTP/1.1" 200 9954
INFO 2022-01-07 22:46:27,103 "GET /accounts/logout/ HTTP/1.1" 302 0
INFO 2022-01-07 22:46:27,117 "GET / HTTP/1.1" 302 0
INFO 2022-01-07 22:46:27,127 "GET /accounts/login/?next=/ HTTP/1.1" 200 3989
INFO 2022-01-07 22:46:27,156 "GET /static/dist/css/login-page.css HTTP/1.1" 304 0
INFO 2022-01-07 22:46:27,159 "GET /static/dist/img/login.png HTTP/1.1" 304 0
INFO 2022-01-07 22:51:05,109 "GET /accounts/login/?next=/ HTTP/1.1" 200 3989
INFO 2022-01-07 22:51:05,134 "GET /static/plugins/fontawesome-free/css/all.min.css HTTP/1.1" 304 0
INFO 2022-01-07 22:51:05,141 "GET /static/plugins/overlayScrollbars/css/OverlayScrollbars.min.css HTTP/1.1" 304 0
INFO 2022-01-07 22:51:05,142 "GET /static/plugins/toastr/toastr.min.css HTTP/1.1" 304 0
INFO 2022-01-07 22:51:05,143 "GET /static/dist/css/adminlte.min.css HTTP/1.1" 304 0
INFO 2022-01-07 22:51:05,144 "GET /static/dist/css/login-page.css HTTP/1.1" 304 0
INFO 2022-01-07 22:51:05,147 "GET /static/plugins/jquery/jquery.min.js HTTP/1.1" 304 0
INFO 2022-01-07 22:51:05,153 "GET /static/plugins/bootstrap/js/bootstrap.bundle.min.js HTTP/1.1" 304 0
INFO 2022-01-07 22:51:05,154 "GET /static/dist/js/jquery.formset.js HTTP/1.1" 304 0
INFO 2022-01-07 22:51:05,154 "GET /static/plugins/toastr/toastr.min.js HTTP/1.1" 304 0
INFO 2022-01-07 22:51:05,155 "GET /static/plugins/overlayScrollbars/js/jquery.overlayScrollbars.min.js HTTP/1.1" 304 0
INFO 2022-01-07 22:51:05,155 "GET /static/dist/js/adminlte.js HTTP/1.1" 304 0
INFO 2022-01-07 22:51:05,157 "GET /static/dist/js/demo.js HTTP/1.1" 304 0
INFO 2022-01-07 22:51:05,158 "GET /static/dist/img/login.png HTTP/1.1" 304 0
INFO 2022-01-07 22:51:05,241 "GET /static/plugins/fontawesome-free/webfonts/fa-solid-900.woff2 HTTP/1.1" 304 0
INFO 2022-01-07 22:51:05,901 "GET /accounts/login/?next=/ HTTP/1.1" 200 3989
INFO 2022-01-07 22:51:06,473 "GET /accounts/login/?next=/ HTTP/1.1" 200 3989
INFO 2022-01-07 22:55:09,674 Watching for file changes with StatReloader
INFO 2022-01-07 22:56:08,897 Watching for file changes with StatReloader
INFO 2022-01-07 22:56:20,757 "GET / HTTP/1.1" 302 0
INFO 2022-01-07 22:56:20,785 "GET /accounts/login/?next=/ HTTP/1.1" 200 3989
INFO 2022-01-07 22:56:20,863 "GET /static/plugins/fontawesome-free/css/all.min.css HTTP/1.1" 200 58582
INFO 2022-01-07 22:56:20,876 "GET /static/plugins/jquery/jquery.min.js HTTP/1.1" 200 88147
INFO 2022-01-07 22:56:20,902 "GET /static/plugins/bootstrap/js/bootstrap.bundle.min.js HTTP/1.1" 200 80704
INFO 2022-01-07 22:56:20,912 "GET /static/dist/js/jquery.formset.js HTTP/1.1" 200 13881
INFO 2022-01-07 22:56:20,930 "GET /static/plugins/toastr/toastr.min.js HTTP/1.1" 200 5253
INFO 2022-01-07 22:56:20,931 "GET /static/plugins/overlayScrollbars/css/OverlayScrollbars.min.css HTTP/1.1" 200 19736
INFO 2022-01-07 22:56:20,939 "GET /static/plugins/toastr/toastr.min.css HTTP/1.1" 200 6454
INFO 2022-01-07 22:56:20,941 "GET /static/dist/js/demo.js HTTP/1.1" 200 13042
INFO 2022-01-07 22:56:20,941 "GET /static/plugins/overlayScrollbars/js/jquery.overlayScrollbars.min.js HTTP/1.1" 200 42395
INFO 2022-01-07 22:56:20,946 "GET /static/dist/css/login-page.css HTTP/1.1" 200 9064
INFO 2022-01-07 22:56:20,957 "GET /static/dist/img/login.png HTTP/1.1" 200 445475
INFO 2022-01-07 22:56:20,966 "GET /static/dist/js/adminlte.js HTTP/1.1" 200 59416
INFO 2022-01-07 22:56:20,974 "GET /static/dist/css/adminlte.min.css HTTP/1.1" 200 686718
INFO 2022-01-07 22:56:21,406 "GET /static/plugins/fontawesome-free/webfonts/fa-solid-900.woff2 HTTP/1.1" 200 79444
INFO 2022-01-07 22:56:37,184 "POST /accounts/login/ HTTP/1.1" 302 0
INFO 2022-01-07 22:56:37,309 "GET / HTTP/1.1" 200 9298
INFO 2022-01-07 22:56:37,340 "GET /static/plugins/Datatables/datatables.min.css HTTP/1.1" 200 25807
INFO 2022-01-07 22:56:37,368 "GET /static/plugins/Datatables/datatables.min.js HTTP/1.1" 200 2042927
INFO 2022-01-07 22:56:37,421 "GET /static/plugins/fontawesome-free/webfonts/fa-regular-400.woff2 HTTP/1.1" 200 13584
INFO 2022-01-07 22:56:47,884 "GET /site-config HTTP/1.1" 200 10873
INFO 2022-01-07 22:56:53,969 "GET /session/list/ HTTP/1.1" 200 11949
INFO 2022-01-07 22:57:06,893 "POST /session/create/ HTTP/1.1" 302 0
INFO 2022-01-07 22:57:07,036 "GET /session/list/ HTTP/1.1" 200 12437
INFO 2022-01-07 22:57:14,603 "GET /term/list/ HTTP/1.1" 200 12239
INFO 2022-01-07 22:57:19,260 "GET /subject/list/ HTTP/1.1" 200 11405
INFO 2022-01-07 22:57:33,069 "POST /subject/create/ HTTP/1.1" 302 0
INFO 2022-01-07 22:57:33,219 "GET /subject/list/ HTTP/1.1" 200 11835
INFO 2022-01-07 22:57:42,411 "POST /subject/create/ HTTP/1.1" 302 0
INFO 2022-01-07 22:57:42,544 "GET /subject/list/ HTTP/1.1" 200 12122
INFO 2022-01-07 22:57:45,487 "GET /subject/4/delete/ HTTP/1.1" 200 9997
INFO 2022-01-07 22:57:47,136 "POST /subject/4/delete/ HTTP/1.1" 302 0
INFO 2022-01-07 22:57:47,253 "GET /subject/list/ HTTP/1.1" 200 11873
INFO 2022-01-07 22:57:54,361 "GET /class/list/ HTTP/1.1" 200 11418
INFO 2022-01-07 22:58:10,004 "POST /class/create/ HTTP/1.1" 302 0
INFO 2022-01-07 22:58:10,120 "GET /class/list/ HTTP/1.1" 200 11844
INFO 2022-01-07 22:58:21,478 "GET /student/list HTTP/1.1" 200 9954
INFO 2022-01-07 22:58:25,570 "GET /student/create/ HTTP/1.1" 200 13660
INFO 2022-01-07 22:59:46,572 "POST /student/create/ HTTP/1.1" 302 0
INFO 2022-01-07 22:59:46,732 "GET /student/1/ HTTP/1.1" 200 11314
INFO 2022-01-07 22:59:46,757 "GET /static/plugins/fontawesome-free/css/all.min.css HTTP/1.1" 304 0
INFO 2022-01-07 22:59:46,758 "GET /static/plugins/toastr/toastr.min.css HTTP/1.1" 304 0
INFO 2022-01-07 22:59:46,758 "GET /static/plugins/overlayScrollbars/css/OverlayScrollbars.min.css HTTP/1.1" 304 0
INFO 2022-01-07 22:59:46,759 "GET /static/plugins/Datatables/datatables.min.css HTTP/1.1" 304 0
INFO 2022-01-07 22:59:46,759 "GET /static/dist/css/adminlte.min.css HTTP/1.1" 304 0
INFO 2022-01-07 22:59:46,760 "GET /static/plugins/jquery/jquery.min.js HTTP/1.1" 304 0
INFO 2022-01-07 22:59:46,767 "GET /static/dist/js/demo.js HTTP/1.1" 304 0
INFO 2022-01-07 22:59:46,767 "GET /static/plugins/toastr/toastr.min.js HTTP/1.1" 304 0
INFO 2022-01-07 22:59:46,768 "GET /static/dist/js/jquery.formset.js HTTP/1.1" 304 0
INFO 2022-01-07 22:59:46,768 "GET /static/plugins/bootstrap/js/bootstrap.bundle.min.js HTTP/1.1" 304 0
INFO 2022-01-07 22:59:46,769 "GET /static/plugins/overlayScrollbars/js/jquery.overlayScrollbars.min.js HTTP/1.1" 304 0
INFO 2022-01-07 22:59:46,769 "GET /static/dist/js/adminlte.js HTTP/1.1" 304 0
INFO 2022-01-07 22:59:46,776 "GET /static/plugins/Datatables/datatables.min.js HTTP/1.1" 304 0
INFO 2022-01-07 22:59:46,889 "GET /media/students/passports/projectworlds.png HTTP/1.1" 200 13585
INFO 2022-01-07 23:00:00,782 "GET /student/1/update/ HTTP/1.1" 200 13963
INFO 2022-01-07 23:00:04,922 "GET /student/list HTTP/1.1" 200 9954
INFO 2022-01-07 23:00:06,989 "GET /student/upload/ HTTP/1.1" 200 10009
INFO 2022-01-07 23:00:14,256 "GET /student/download-csv/ HTTP/1.1" 200 94
INFO 2022-01-07 23:02:33,819 "POST /student/upload/ HTTP/1.1" 302 0
INFO 2022-01-07 23:02:34,036 "GET /student/list HTTP/1.1" 200 10099
INFO 2022-01-07 23:02:39,461 "GET /student/list HTTP/1.1" 200 9954
INFO 2022-01-07 23:02:39,751 "GET /static/plugins/toastr/toastr.min.css HTTP/1.1" 304 0
INFO 2022-01-07 23:02:39,752 "GET /static/plugins/fontawesome-free/css/all.min.css HTTP/1.1" 304 0
INFO 2022-01-07 23:02:39,759 "GET /static/plugins/Datatables/datatables.min.css HTTP/1.1" 304 0
INFO 2022-01-07 23:02:39,759 "GET /static/plugins/overlayScrollbars/css/OverlayScrollbars.min.css HTTP/1.1" 304 0
INFO 2022-01-07 23:02:39,775 "GET /static/dist/css/adminlte.min.css HTTP/1.1" 304 0
INFO 2022-01-07 23:02:39,778 "GET /static/plugins/jquery/jquery.min.js HTTP/1.1" 304 0
INFO 2022-01-07 23:02:39,782 "GET /static/plugins/bootstrap/js/bootstrap.bundle.min.js HTTP/1.1" 304 0
INFO 2022-01-07 23:02:39,783 "GET /static/plugins/toastr/toastr.min.js HTTP/1.1" 304 0
INFO 2022-01-07 23:02:39,784 "GET /static/dist/js/jquery.formset.js HTTP/1.1" 304 0
INFO 2022-01-07 23:02:39,789 "GET /static/plugins/overlayScrollbars/js/jquery.overlayScrollbars.min.js HTTP/1.1" 304 0
INFO 2022-01-07 23:02:39,793 "GET /static/dist/js/adminlte.js HTTP/1.1" 304 0
INFO 2022-01-07 23:02:39,795 "GET /static/dist/js/demo.js HTTP/1.1" 304 0
INFO 2022-01-07 23:02:39,795 "GET /static/plugins/Datatables/datatables.min.js HTTP/1.1" 304 0
INFO 2022-01-07 23:02:49,228 "GET /student/create/ HTTP/1.1" 200 13695
INFO 2022-01-07 23:03:24,013 "POST /student/create/ HTTP/1.1" 200 13887
INFO 2022-01-07 23:03:30,756 "POST /student/create/ HTTP/1.1" 302 0
INFO 2022-01-07 23:03:31,004 "GET /student/3/ HTTP/1.1" 200 11297
INFO 2022-01-07 23:03:31,095 "GET /static/dist/img/avatar.png HTTP/1.1" 200 8543
INFO 2022-01-07 23:03:34,773 "GET /student/3/update/ HTTP/1.1" 200 13766
INFO 2022-01-07 23:03:42,330 "POST /student/3/update/ HTTP/1.1" 302 0
INFO 2022-01-07 23:03:42,764 "GET /student/3/ HTTP/1.1" 200 11298
INFO 2022-01-07 23:03:46,159 "GET /student/list HTTP/1.1" 200 9954
INFO 2022-01-07 23:05:04,576 "GET /student/list HTTP/1.1" 200 9954
INFO 2022-01-07 23:05:08,969 "GET / HTTP/1.1" 200 9298
INFO 2022-01-07 23:05:15,950 "GET /finance/list/ HTTP/1.1" 200 9933
INFO 2022-01-07 23:05:19,684 "GET /finance/create/ HTTP/1.1" 200 13686
INFO 2022-01-07 23:06:47,475 "POST /finance/create/ HTTP/1.1" 302 0
INFO 2022-01-07 23:06:47,633 "GET /finance/list HTTP/1.1" 301 0
INFO 2022-01-07 23:06:47,799 "GET /finance/list/ HTTP/1.1" 200 10353
INFO 2022-01-07 23:06:47,845 "GET /static/plugins/fontawesome-free/css/all.min.css HTTP/1.1" 304 0
INFO 2022-01-07 23:06:47,848 "GET /static/plugins/overlayScrollbars/css/OverlayScrollbars.min.css HTTP/1.1" 304 0
INFO 2022-01-07 23:06:47,849 "GET /static/plugins/toastr/toastr.min.css HTTP/1.1" 304 0
INFO 2022-01-07 23:06:47,857 "GET /static/plugins/Datatables/datatables.min.css HTTP/1.1" 304 0
INFO 2022-01-07 23:06:47,858 "GET /static/dist/css/adminlte.min.css HTTP/1.1" 304 0
INFO 2022-01-07 23:06:47,863 "GET /static/plugins/jquery/jquery.min.js HTTP/1.1" 304 0
INFO 2022-01-07 23:06:47,866 "GET /static/dist/js/jquery.formset.js HTTP/1.1" 304 0
INFO 2022-01-07 23:06:47,871 "GET /static/plugins/bootstrap/js/bootstrap.bundle.min.js HTTP/1.1" 304 0
INFO 2022-01-07 23:06:47,872 "GET /static/plugins/toastr/toastr.min.js HTTP/1.1" 304 0
INFO 2022-01-07 23:06:47,872 "GET /static/plugins/overlayScrollbars/js/jquery.overlayScrollbars.min.js HTTP/1.1" 304 0
INFO 2022-01-07 23:06:47,873 "GET /static/dist/js/demo.js HTTP/1.1" 304 0
INFO 2022-01-07 23:06:47,874 "GET /static/dist/js/adminlte.js HTTP/1.1" 304 0
INFO 2022-01-07 23:06:47,877 "GET /static/plugins/Datatables/datatables.min.js HTTP/1.1" 304 0
INFO 2022-01-07 23:06:55,626 "GET /finance/create/ HTTP/1.1" 200 13686
INFO 2022-01-07 23:06:59,977 "GET /finance/list/ HTTP/1.1" 200 10353
INFO 2022-01-07 23:07:04,048 - Broken pipe from ('127.0.0.1', 55028)

INFO 2022-01-07 23:07:04,220 "GET /finance/receipt/create?invoice=1 HTTP/1.1" 200 10851
INFO 2022-01-07 23:07:18,913 "POST /finance/receipt/create?invoice=1 HTTP/1.1" 302 0
INFO 2022-01-07 23:07:19,205 "GET /finance/list/ HTTP/1.1" 200 10355
INFO 2022-01-07 23:07:26,524 "GET /staff/list/ HTTP/1.1" 200 9695
INFO 2022-01-07 23:07:31,146 "GET /staff/create/ HTTP/1.1" 200 12608
INFO 2022-01-07 23:07:40,463 "GET /result/view/all HTTP/1.1" 200 8842
INFO 2022-01-07 23:07:48,213 "GET /result/create/ HTTP/1.1" 200 10923
INFO 2022-01-07 23:07:59,394 "POST /result/create/ HTTP/1.1" 200 11146
INFO 2022-01-07 23:08:10,904 "POST /result/create/ HTTP/1.1" 302 0
INFO 2022-01-07 23:08:11,417 "GET /result/edit-results/ HTTP/1.1" 200 12057
INFO 2022-01-07 23:08:44,225 "POST /result/edit-results/ HTTP/1.1" 302 0
INFO 2022-01-07 23:08:44,681 "GET /result/edit-results/ HTTP/1.1" 200 12212
INFO 2022-01-07 23:08:52,092 "GET /result/view/all HTTP/1.1" 200 10295
INFO 2022-01-07 23:09:01,934 "GET /result/create/ HTTP/1.1" 200 10923
INFO 2022-01-07 23:09:09,356 "GET /result/view/all HTTP/1.1" 200 10295
INFO 2022-01-07 23:09:14,933 "GET /result/edit-results/ HTTP/1.1" 200 12069
INFO 2022-01-07 23:09:25,474 "POST /result/edit-results/ HTTP/1.1" 302 0
INFO 2022-01-07 23:09:26,075 "GET /result/edit-results/ HTTP/1.1" 200 12212
INFO 2022-01-07 23:09:30,424 "GET /result/view/all HTTP/1.1" 200 10295
INFO 2022-01-07 23:09:39,427 "GET / HTTP/1.1" 200 9298
INFO 2022-01-07 23:09:46,083 "GET /finance/list/ HTTP/1.1" 200 10355
INFO 2022-01-07 23:09:51,257 "GET /finance/1/detail/ HTTP/1.1" 200 11415
INFO 2023-05-04 15:24:52,169 Watching for file changes with StatReloader
INFO 2023-05-04 15:27:52,949 Watching for file changes with StatReloader
INFO 2023-05-04 15:28:08,261 "GET / HTTP/1.1" 302 0
INFO 2023-05-04 15:28:08,331 "GET /accounts/login/?next=/ HTTP/1.1" 200 3989
INFO 2023-05-04 15:28:08,469 "GET /static/plugins/overlayScrollbars/css/OverlayScrollbars.min.css HTTP/1.1" 200 19736
INFO 2023-05-04 15:28:08,471 "GET /static/plugins/toastr/toastr.min.css HTTP/1.1" 200 6454
INFO 2023-05-04 15:28:08,474 "GET /static/dist/css/login-page.css HTTP/1.1" 200 9064
INFO 2023-05-04 15:28:08,476 "GET /static/plugins/fontawesome-free/css/all.min.css HTTP/1.1" 200 58582
INFO 2023-05-04 15:28:08,486 "GET /static/dist/css/adminlte.min.css HTTP/1.1" 200 686718
INFO 2023-05-04 15:28:08,531 "GET /static/plugins/jquery/jquery.min.js HTTP/1.1" 200 88147
INFO 2023-05-04 15:28:08,603 "GET /static/dist/js/jquery.formset.js HTTP/1.1" 200 13881
INFO 2023-05-04 15:28:08,622 "GET /static/plugins/toastr/toastr.min.js HTTP/1.1" 200 5253
INFO 2023-05-04 15:28:08,623 "GET /static/plugins/overlayScrollbars/js/jquery.overlayScrollbars.min.js HTTP/1.1" 200 42395
INFO 2023-05-04 15:28:08,624 "GET /static/plugins/bootstrap/js/bootstrap.bundle.min.js HTTP/1.1" 200 80704
INFO 2023-05-04 15:28:08,661 "GET /static/dist/js/demo.js HTTP/1.1" 200 13042
INFO 2023-05-04 15:28:08,663 "GET /static/dist/js/adminlte.js HTTP/1.1" 200 59416
INFO 2023-05-04 15:28:08,676 "GET /static/dist/img/login.png HTTP/1.1" 200 445475
INFO 2023-05-04 15:28:10,310 "GET /static/plugins/fontawesome-free/webfonts/fa-solid-900.woff2 HTTP/1.1" 200 79444
WARNING 2023-05-04 15:28:10,574 Not Found: /favicon.ico
WARNING 2023-05-04 15:28:10,574 "GET /favicon.ico HTTP/1.1" 404 6202
INFO 2023-05-04 15:28:47,234 "POST /accounts/login/ HTTP/1.1" 302 0
INFO 2023-05-04 15:28:47,721 "GET / HTTP/1.1" 200 9298
INFO 2023-05-04 15:28:48,298 "GET /static/plugins/Datatables/datatables.min.css HTTP/1.1" 200 25807
INFO 2023-05-04 15:28:48,381 "GET /static/plugins/Datatables/datatables.min.js HTTP/1.1" 200 2042927
INFO 2023-05-04 15:28:50,053 "GET /static/plugins/fontawesome-free/webfonts/fa-regular-400.woff2 HTTP/1.1" 200 13584
INFO 2023-05-04 15:29:04,309 "GET /subject/list/ HTTP/1.1" 200 11690
INFO 2023-05-04 15:29:10,589 "GET /student/list HTTP/1.1" 200 9954
INFO 2023-05-04 15:29:23,727 "GET /staff/list/ HTTP/1.1" 200 9695
INFO 2023-05-04 15:29:27,001 "GET /finance/list/ HTTP/1.1" 200 10355
INFO 2023-05-04 15:29:38,034 "GET /result/create/ HTTP/1.1" 200 10923
INFO 2023-05-04 15:29:41,333 "GET /result/edit-results/ HTTP/1.1" 200 12069
INFO 2023-05-04 15:29:44,174 "GET /result/view/all HTTP/1.1" 200 10295
INFO 2023-05-04 15:29:49,807 "GET /term/list/ HTTP/1.1" 200 12239
INFO 2023-05-04 15:29:53,585 "GET /site-config HTTP/1.1" 200 10873
INFO 2023-05-04 15:29:58,747 "GET /finance/list/ HTTP/1.1" 200 10355
INFO 2023-05-04 15:30:10,179 "GET /finance/create/ HTTP/1.1" 200 13686
INFO 2023-05-04 15:30:36,038 "POST /finance/create/ HTTP/1.1" 302 0
INFO 2023-05-04 15:30:36,074 "GET /finance/list HTTP/1.1" 301 0
INFO 2023-05-04 15:30:36,126 "GET /finance/list/ HTTP/1.1" 200 10772
INFO 2023-05-04 15:30:52,535 "GET / HTTP/1.1" 200 9298
INFO 2023-05-04 15:31:54,267 "GET /current-session/ HTTP/1.1" 200 10606
INFO 2023-05-04 15:31:58,656 "GET /current-session/ HTTP/1.1" 200 10606
INFO 2023-05-04 15:34:54,741 "GET /staff/list/ HTTP/1.1" 200 9695
INFO 2023-05-04 15:35:09,713 "GET /finance/list/ HTTP/1.1" 200 10772
INFO 2023-05-04 15:35:14,892 "GET /site-config HTTP/1.1" 200 10873
INFO 2023-05-04 15:35:20,646 "GET / HTTP/1.1" 200 9298
INFO 2023-05-04 21:53:03,006 Watching for file changes with StatReloader
INFO 2023-05-04 21:53:08,696 "GET / HTTP/1.1" 302 0
INFO 2023-05-04 21:53:08,750 "GET /accounts/login/?next=/ HTTP/1.1" 200 3989
INFO 2023-05-04 21:53:08,782 "GET /static/dist/css/login-page.css HTTP/1.1" 200 9064
INFO 2023-05-04 21:53:08,791 "GET /static/plugins/fontawesome-free/css/all.min.css HTTP/1.1" 304 0
INFO 2023-05-04 21:53:08,800 "GET /static/dist/js/jquery.formset.js HTTP/1.1" 200 13881
INFO 2023-05-04 21:53:08,808 "GET /static/plugins/toastr/toastr.min.css HTTP/1.1" 304 0
INFO 2023-05-04 21:53:08,816 "GET /static/plugins/toastr/toastr.min.js HTTP/1.1" 200 5253
INFO 2023-05-04 21:53:08,816 "GET /static/plugins/bootstrap/js/bootstrap.bundle.min.js HTTP/1.1" 200 80704
INFO 2023-05-04 21:53:08,830 "GET /static/plugins/jquery/jquery.min.js HTTP/1.1" 200 88147
INFO 2023-05-04 21:53:08,830 "GET /static/plugins/overlayScrollbars/css/OverlayScrollbars.min.css HTTP/1.1" 304 0
INFO 2023-05-04 21:53:08,849 "GET /static/dist/js/demo.js HTTP/1.1" 200 13042
INFO 2023-05-04 21:53:08,849 "GET /static/dist/js/adminlte.js HTTP/1.1" 200 59416
INFO 2023-05-04 21:53:08,849 "GET /static/dist/css/adminlte.min.css HTTP/1.1" 304 0
INFO 2023-05-04 21:53:08,866 "GET /static/dist/img/login.png HTTP/1.1" 200 445475
INFO 2023-05-04 21:53:08,866 "GET /static/plugins/overlayScrollbars/js/jquery.overlayScrollbars.min.js HTTP/1.1" 200 42395
INFO 2023-05-04 21:53:09,211 "GET /static/plugins/fontawesome-free/webfonts/fa-solid-900.woff2 HTTP/1.1" 200 79444
WARNING 2023-05-04 21:53:10,028 Not Found: /favicon.ico
WARNING 2023-05-04 21:53:10,032 "GET /favicon.ico HTTP/1.1" 404 6202
INFO 2023-05-04 21:53:13,166 "POST /accounts/login/ HTTP/1.1" 302 0
INFO 2023-05-04 21:53:13,198 "GET / HTTP/1.1" 200 9298
INFO 2023-05-04 21:53:13,273 "GET /static/plugins/Datatables/datatables.min.css HTTP/1.1" 304 0
INFO 2023-05-04 21:53:13,302 "GET /static/plugins/Datatables/datatables.min.js HTTP/1.1" 200 2042927
INFO 2023-05-04 21:53:13,398 "GET /static/plugins/fontawesome-free/webfonts/fa-regular-400.woff2 HTTP/1.1" 200 13584
INFO 2023-05-04 21:53:29,651 "GET /accounts/logout/ HTTP/1.1" 302 0
INFO 2023-05-04 21:53:29,659 "GET / HTTP/1.1" 302 0
INFO 2023-05-04 21:53:29,675 "GET /accounts/login/?next=/ HTTP/1.1" 200 3989
INFO 2023-05-04 21:53:52,304 "POST /accounts/login/ HTTP/1.1" 302 0
INFO 2023-05-04 21:53:52,344 "GET / HTTP/1.1" 200 9298
INFO 2023-05-04 21:54:33,955 "GET /site-config HTTP/1.1" 200 10873
INFO 2023-05-04 21:55:03,355 "POST /site-config HTTP/1.1" 200 10907
INFO 2023-05-04 21:55:07,465 "POST /site-config HTTP/1.1" 200 10907
INFO 2023-05-04 21:55:10,179 "POST /site-config HTTP/1.1" 200 10907
INFO 2023-05-04 21:55:36,789 "POST /site-config HTTP/1.1" 200 10910
INFO 2023-05-04 21:55:43,466 "GET /result/view/all HTTP/1.1" 200 10295
INFO 2023-05-04 21:55:52,737 "GET /result/edit-results/ HTTP/1.1" 200 12069
INFO 2023-05-04 21:55:55,779 "GET /result/create/ HTTP/1.1" 200 10923
INFO 2023-05-04 21:56:01,292 "GET /finance/list/ HTTP/1.1" 200 10772
INFO 2023-05-04 21:56:06,443 "GET /staff/list/ HTTP/1.1" 200 9695
INFO 2023-05-04 21:56:08,658 "GET /student/list HTTP/1.1" 200 9954
INFO 2023-05-04 21:56:11,615 "GET /site-config HTTP/1.1" 200 10873
INFO 2023-05-04 21:56:24,303 "GET / HTTP/1.1" 200 9298
INFO 2023-05-04 21:56:26,201 "GET /current-session/ HTTP/1.1" 200 10606
INFO 2023-05-04 21:56:33,847 "GET /site-config HTTP/1.1" 200 10873
INFO 2023-05-04 21:56:49,661 "GET /student/list HTTP/1.1" 200 9954
INFO 2023-05-04 22:02:35,570 "GET /student/upload/ HTTP/1.1" 200 10009
INFO 2023-05-04 22:15:44,848 "GET / HTTP/1.1" 200 9298
INFO 2023-05-04 22:15:55,246 "GET / HTTP/1.1" 200 9298
INFO 2023-05-04 22:16:05,536 "GET / HTTP/1.1" 200 9298
INFO 2023-05-04 22:16:22,386 "GET /accounts/logout/ HTTP/1.1" 302 0
INFO 2023-05-04 22:16:22,402 "GET / HTTP/1.1" 302 0
INFO 2023-05-04 22:16:22,418 "GET /accounts/login/?next=/ HTTP/1.1" 200 3989
INFO 2023-05-04 22:16:32,685 "POST /accounts/login/ HTTP/1.1" 302 0
INFO 2023-05-04 22:16:32,716 "GET / HTTP/1.1" 200 9298
INFO 2023-05-04 22:16:39,387 "GET /student/list HTTP/1.1" 200 9954
INFO 2023-05-04 22:16:44,685 "GET /student/create/ HTTP/1.1" 200 13695
INFO 2023-05-04 22:16:57,089 "GET /student/list HTTP/1.1" 200 9954
INFO 2023-05-04 22:17:13,212 "GET /student/upload/ HTTP/1.1" 200 10009
INFO 2023-05-04 22:17:16,157 "GET /student/download-csv/ HTTP/1.1" 200 94
INFO 2023-05-04 22:17:31,567 "GET /staff/list/ HTTP/1.1" 200 9695
INFO 2023-05-04 22:17:40,817 "GET /finance/list/ HTTP/1.1" 200 10772
INFO 2023-05-04 22:17:49,388 "GET /finance/create/ HTTP/1.1" 200 13686
INFO 2023-05-04 22:18:23,421 "POST /finance/create/ HTTP/1.1" 302 0
INFO 2023-05-04 22:18:23,450 "GET /finance/list HTTP/1.1" 301 0
INFO 2023-05-04 22:18:23,576 "GET /finance/list/ HTTP/1.1" 200 11188
INFO 2023-05-04 22:18:27,445 "GET /result/create/ HTTP/1.1" 200 10923
INFO 2023-05-04 22:18:34,575 "GET /result/create/ HTTP/1.1" 200 10923
INFO 2023-05-04 22:18:40,985 "GET /result/edit-results/ HTTP/1.1" 200 12069
INFO 2023-05-04 22:18:44,785 "GET /result/view/all HTTP/1.1" 200 10295
INFO 2023-05-04 22:18:49,455 "GET /session/list/ HTTP/1.1" 200 12292
INFO 2023-05-04 22:19:01,735 "GET /term/list/ HTTP/1.1" 200 12239
INFO 2023-05-04 22:19:06,087 "GET /subject/list/ HTTP/1.1" 200 11690
INFO 2023-05-04 22:21:07,437 "GET /current-session/ HTTP/1.1" 200 10606
INFO 2023-05-04 22:21:50,765 "GET /site-config HTTP/1.1" 200 10873
INFO 2023-05-04 22:21:58,235 "GET /staff/list/ HTTP/1.1" 200 9695
INFO 2023-05-04 22:25:09,386 "GET /finance/list/ HTTP/1.1" 200 11188
INFO 2023-05-06 22:53:56,740 Watching for file changes with StatReloader
INFO 2023-05-06 22:54:01,692 "GET / HTTP/1.1" 302 0
INFO 2023-05-06 22:54:01,740 "GET /accounts/login/?next=/ HTTP/1.1" 200 3989
INFO 2023-05-06 22:54:01,777 "GET /static/plugins/toastr/toastr.min.css HTTP/1.1" 200 6454
INFO 2023-05-06 22:54:01,781 "GET /static/plugins/fontawesome-free/css/all.min.css HTTP/1.1" 200 58582
INFO 2023-05-06 22:54:01,781 "GET /static/plugins/overlayScrollbars/css/OverlayScrollbars.min.css HTTP/1.1" 200 19736
INFO 2023-05-06 22:54:01,797 "GET /static/dist/css/login-page.css HTTP/1.1" 200 9064
INFO 2023-05-06 22:54:01,806 "GET /static/plugins/jquery/jquery.min.js HTTP/1.1" 200 88147
INFO 2023-05-06 22:54:01,806 "GET /static/dist/js/jquery.formset.js HTTP/1.1" 200 13881
INFO 2023-05-06 22:54:01,814 "GET /static/plugins/toastr/toastr.min.js HTTP/1.1" 200 5253
INFO 2023-05-06 22:54:01,817 "GET /static/plugins/bootstrap/js/bootstrap.bundle.min.js HTTP/1.1" 200 80704
INFO 2023-05-06 22:54:01,822 "GET /static/dist/css/adminlte.min.css HTTP/1.1" 200 686718
INFO 2023-05-06 22:54:01,830 "GET /static/plugins/overlayScrollbars/js/jquery.overlayScrollbars.min.js HTTP/1.1" 200 42395
INFO 2023-05-06 22:54:01,834 "GET /static/dist/js/demo.js HTTP/1.1" 200 13042
INFO 2023-05-06 22:54:01,836 "GET /static/dist/js/adminlte.js HTTP/1.1" 200 59416
INFO 2023-05-06 22:54:01,847 "GET /static/dist/img/login.png HTTP/1.1" 200 445475
INFO 2023-05-06 22:54:02,282 "GET /static/plugins/fontawesome-free/webfonts/fa-solid-900.woff2 HTTP/1.1" 200 79444
WARNING 2023-05-06 22:54:03,098 Not Found: /favicon.ico
WARNING 2023-05-06 22:54:03,098 "GET /favicon.ico HTTP/1.1" 404 6202
INFO 2023-05-06 22:54:06,288 "POST /accounts/login/ HTTP/1.1" 302 0
INFO 2023-05-06 22:54:06,337 "GET / HTTP/1.1" 200 9298
INFO 2023-05-06 22:54:06,362 "GET /static/plugins/Datatables/datatables.min.css HTTP/1.1" 200 25807
INFO 2023-05-06 22:54:06,386 "GET /static/plugins/Datatables/datatables.min.js HTTP/1.1" 200 2042927
INFO 2023-05-06 22:54:06,517 "GET /static/plugins/fontawesome-free/webfonts/fa-regular-400.woff2 HTTP/1.1" 200 13584
INFO 2023-05-06 22:54:28,895 "GET /student/list HTTP/1.1" 200 9954
INFO 2023-05-06 22:54:46,813 "GET /finance/list/ HTTP/1.1" 200 11188
INFO 2023-05-06 22:54:53,923 "GET /result/create/ HTTP/1.1" 200 10923
INFO 2023-05-06 22:54:56,007 "GET /result/edit-results/ HTTP/1.1" 200 12069
INFO 2023-05-06 22:59:50,272 "GET / HTTP/1.1" 200 9298
INFO 2023-05-06 22:59:53,279 "GET / HTTP/1.1" 200 9298
INFO 2023-05-06 22:59:55,168 "GET / HTTP/1.1" 200 9298
INFO 2023-05-06 23:05:56,448 "GET /student/list HTTP/1.1" 200 9954
INFO 2023-05-06 23:06:15,945 "GET /student/create/ HTTP/1.1" 200 13695
INFO 2023-05-06 23:06:37,921 "POST /student/create/ HTTP/1.1" 200 13868
INFO 2023-05-06 23:06:44,521 "POST /student/create/ HTTP/1.1" 302 0
INFO 2023-05-06 23:06:44,602 "GET /student/4/ HTTP/1.1" 200 11273
INFO 2023-05-06 23:06:44,755 "GET /static/dist/img/avatar.png HTTP/1.1" 200 8543
INFO 2023-05-06 23:06:57,838 "GET /student/delete/4/ HTTP/1.1" 200 9608
INFO 2023-05-06 23:07:08,613 "GET /student/list HTTP/1.1" 200 9954
INFO 2023-05-06 23:08:33,155 "GET /staff/list/ HTTP/1.1" 200 9695
INFO 2023-05-06 23:08:36,803 "GET /staff/create/ HTTP/1.1" 200 12608
INFO 2023-05-06 23:08:55,172 "POST /staff/create/ HTTP/1.1" 200 12773
INFO 2023-05-06 23:09:03,501 "POST /staff/create/ HTTP/1.1" 302 0
INFO 2023-05-06 23:09:03,566 "GET /staff/1/ HTTP/1.1" 200 10844
INFO 2023-05-06 23:09:14,718 "GET /student/list HTTP/1.1" 200 9954
INFO 2023-05-06 23:09:18,485 "GET /staff/list/ HTTP/1.1" 200 9901
INFO 2023-05-06 23:09:29,115 "GET /result/create/ HTTP/1.1" 200 11103
INFO 2023-05-06 23:09:33,537 "GET /student/list HTTP/1.1" 200 9954
INFO 2023-05-06 23:15:22,958 "GET /finance/list/ HTTP/1.1" 200 11188
INFO 2023-05-06 23:15:30,534 "GET /result/edit-results/ HTTP/1.1" 200 12069
INFO 2023-05-06 23:15:34,159 "GET /staff/list/ HTTP/1.1" 200 9901
INFO 2023-05-06 23:21:43,371 "GET /student/list HTTP/1.1" 200 10897
INFO 2023-05-06 23:21:52,098 "GET /student/list HTTP/1.1" 200 10897
INFO 2023-05-06 23:22:09,240 "GET /site-config HTTP/1.1" 200 10873
INFO 2023-05-06 23:22:14,928 "GET / HTTP/1.1" 200 9298
INFO 2023-05-06 23:22:19,319 "GET / HTTP/1.1" 200 9298
INFO 2023-05-06 23:23:05,594 "GET /site-config HTTP/1.1" 200 10873
INFO 2023-05-06 23:23:38,294 "GET /student/list HTTP/1.1" 200 10897
INFO 2023-05-06 23:23:39,719 "GET /staff/list/ HTTP/1.1" 200 9901
INFO 2023-05-06 23:23:42,388 "GET /finance/list/ HTTP/1.1" 200 11188
INFO 2023-05-06 23:23:43,996 "GET /result/create/ HTTP/1.1" 200 11103
INFO 2023-05-06 23:23:46,423 "GET /result/edit-results/ HTTP/1.1" 200 12069
INFO 2023-05-06 23:23:47,936 "GET /result/view/all HTTP/1.1" 200 10295
INFO 2023-05-06 23:23:51,631 "GET /session/list/ HTTP/1.1" 200 12292
INFO 2023-05-06 23:23:56,287 "GET /term/list/ HTTP/1.1" 200 12239
INFO 2023-05-06 23:24:00,320 "GET /subject/list/ HTTP/1.1" 200 11690
INFO 2023-05-06 23:24:03,473 "GET /class/list/ HTTP/1.1" 200 11979
INFO 2023-05-06 23:24:05,790 "GET /site-config HTTP/1.1" 200 10873
INFO 2023-05-07 11:55:11,902 "GET /student/list HTTP/1.1" 302 0
INFO 2023-05-07 11:55:11,933 "GET /accounts/login/?next=/student/list HTTP/1.1" 200 4001
INFO 2023-05-07 11:55:11,980 "GET /static/plugins/fontawesome-free/css/all.min.css HTTP/1.1" 304 0
INFO 2023-05-07 11:55:11,995 "GET /static/plugins/toastr/toastr.min.css HTTP/1.1" 304 0
INFO 2023-05-07 11:55:11,995 "GET /static/plugins/overlayScrollbars/css/OverlayScrollbars.min.css HTTP/1.1" 304 0
INFO 2023-05-07 11:55:11,995 "GET /static/dist/css/adminlte.min.css HTTP/1.1" 304 0
INFO 2023-05-07 11:55:12,011 "GET /static/dist/css/login-page.css HTTP/1.1" 304 0
INFO 2023-05-07 11:55:12,011 "GET /static/dist/js/jquery.formset.js HTTP/1.1" 304 0
INFO 2023-05-07 11:55:12,011 "GET /static/plugins/bootstrap/js/bootstrap.bundle.min.js HTTP/1.1" 304 0
INFO 2023-05-07 11:55:12,011 "GET /static/plugins/jquery/jquery.min.js HTTP/1.1" 304 0
INFO 2023-05-07 11:55:12,011 "GET /static/plugins/overlayScrollbars/js/jquery.overlayScrollbars.min.js HTTP/1.1" 304 0
INFO 2023-05-07 11:55:12,011 "GET /static/plugins/toastr/toastr.min.js HTTP/1.1" 304 0
INFO 2023-05-07 11:55:12,026 "GET /static/dist/js/adminlte.js HTTP/1.1" 304 0
INFO 2023-05-07 11:55:12,026 "GET /static/dist/img/login.png HTTP/1.1" 304 0
INFO 2023-05-07 11:55:12,026 "GET /static/dist/js/demo.js HTTP/1.1" 304 0
INFO 2023-05-07 11:55:12,105 "GET /static/plugins/fontawesome-free/webfonts/fa-solid-900.woff2 HTTP/1.1" 304 0
INFO 2023-05-07 11:55:46,746 "POST /accounts/login/ HTTP/1.1" 302 0
INFO 2023-05-07 11:55:46,797 "GET /student/list HTTP/1.1" 200 10897
INFO 2023-05-07 11:55:46,834 "GET /static/plugins/Datatables/datatables.min.css HTTP/1.1" 304 0
INFO 2023-05-07 11:55:46,834 "GET /static/plugins/Datatables/datatables.min.js HTTP/1.1" 304 0
INFO 2023-05-07 11:55:46,909 "GET /static/plugins/fontawesome-free/webfonts/fa-regular-400.woff2 HTTP/1.1" 304 0
INFO 2023-05-07 12:01:10,972 Watching for file changes with StatReloader
INFO 2023-05-07 12:01:16,377 "GET / HTTP/1.1" 302 0
INFO 2023-05-07 12:01:16,539 "GET /accounts/login/?next=/ HTTP/1.1" 200 3989
INFO 2023-05-07 12:01:16,602 "GET /static/plugins/toastr/toastr.min.css HTTP/1.1" 200 6454
INFO 2023-05-07 12:01:16,622 "GET /static/plugins/fontawesome-free/css/all.min.css HTTP/1.1" 200 58582
INFO 2023-05-07 12:01:16,627 "GET /static/plugins/overlayScrollbars/css/OverlayScrollbars.min.css HTTP/1.1" 200 19736
INFO 2023-05-07 12:01:16,627 "GET /static/dist/css/login-page.css HTTP/1.1" 200 9064
INFO 2023-05-07 12:01:16,646 "GET /static/dist/js/jquery.formset.js HTTP/1.1" 200 13881
INFO 2023-05-07 12:01:16,658 "GET /static/plugins/jquery/jquery.min.js HTTP/1.1" 200 88147
INFO 2023-05-07 12:01:16,658 "GET /static/plugins/toastr/toastr.min.js HTTP/1.1" 200 5253
INFO 2023-05-07 12:01:16,667 "GET /static/plugins/overlayScrollbars/js/jquery.overlayScrollbars.min.js HTTP/1.1" 200 42395
INFO 2023-05-07 12:01:16,667 "GET /static/plugins/bootstrap/js/bootstrap.bundle.min.js HTTP/1.1" 200 80704
INFO 2023-05-07 12:01:16,672 "GET /static/dist/js/adminlte.js HTTP/1.1" 200 59416
INFO 2023-05-07 12:01:16,675 "GET /static/dist/js/demo.js HTTP/1.1" 200 13042
INFO 2023-05-07 12:01:16,692 "GET /static/dist/img/login.png HTTP/1.1" 200 445475
INFO 2023-05-07 12:01:16,693 "GET /static/dist/css/adminlte.min.css HTTP/1.1" 200 686718
INFO 2023-05-07 12:01:16,967 "GET /static/plugins/fontawesome-free/webfonts/fa-solid-900.woff2 HTTP/1.1" 200 79444
WARNING 2023-05-07 12:01:18,132 Not Found: /favicon.ico
WARNING 2023-05-07 12:01:18,132 "GET /favicon.ico HTTP/1.1" 404 6202
INFO 2023-05-07 12:01:20,462 "POST /accounts/login/ HTTP/1.1" 302 0
INFO 2023-05-07 12:01:20,492 "GET / HTTP/1.1" 200 9298
INFO 2023-05-07 12:01:20,527 "GET /static/plugins/Datatables/datatables.min.css HTTP/1.1" 200 25807
INFO 2023-05-07 12:01:20,553 "GET /static/plugins/Datatables/datatables.min.js HTTP/1.1" 200 2042927
INFO 2023-05-07 12:01:20,677 "GET /static/plugins/fontawesome-free/webfonts/fa-regular-400.woff2 HTTP/1.1" 200 13584
INFO 2023-05-07 12:01:33,883 "GET /student/list HTTP/1.1" 200 10897
INFO 2023-05-07 12:01:35,707 "GET /staff/list/ HTTP/1.1" 200 9901
INFO 2023-05-07 12:01:37,562 "GET /result/create/ HTTP/1.1" 200 11103
INFO 2023-05-07 12:01:49,853 "GET / HTTP/1.1" 200 9298
INFO 2023-05-07 12:01:51,462 "GET / HTTP/1.1" 200 9298
INFO 2023-05-07 12:02:48,796 "GET /student/list HTTP/1.1" 200 10897
INFO 2023-05-07 12:02:53,597 "GET / HTTP/1.1" 200 9298
WARNING 2023-05-07 12:02:57,249 "GET /static/plugins/Datatables/pdfmake.min.js.map HTTP/1.1" 404 1870
INFO 2023-05-07 12:02:57,249 "GET /static/plugins/toastr/toastr.js.map HTTP/1.1" 200 25633
INFO 2023-05-07 12:02:57,252 "GET /static/dist/js/adminlte.js.map HTTP/1.1" 200 113276
INFO 2023-05-07 12:02:57,254 "GET /static/plugins/bootstrap/js/bootstrap.bundle.min.js.map HTTP/1.1" 200 318045
INFO 2023-05-07 12:02:57,290 "GET /static/dist/css/adminlte.min.css.map HTTP/1.1" 200 2149167
INFO 2023-05-07 12:03:35,660 "GET / HTTP/1.1" 302 0
INFO 2023-05-07 12:03:35,688 "GET /accounts/login/?next=/ HTTP/1.1" 200 3989
WARNING 2023-05-07 12:03:57,760 Forbidden (CSRF cookie not set.): /accounts/login/
WARNING 2023-05-07 12:03:57,761 "POST /accounts/login/ HTTP/1.1" 403 2870
INFO 2023-05-07 12:04:01,732 "GET /accounts/login/?next=/ HTTP/1.1" 200 3989
INFO 2023-05-07 12:04:03,542 "GET /accounts/login/?next=/ HTTP/1.1" 200 3989
INFO 2023-05-07 12:04:13,848 "POST /accounts/login/ HTTP/1.1" 302 0
INFO 2023-05-07 12:04:13,894 "GET / HTTP/1.1" 200 9298
WARNING 2023-05-07 12:04:14,344 "GET /static/plugins/Datatables/pdfmake.min.js.map HTTP/1.1" 404 1870
INFO 2023-05-07 12:04:26,491 "GET /accounts/logout/ HTTP/1.1" 302 0
INFO 2023-05-07 12:04:26,508 "GET / HTTP/1.1" 302 0
INFO 2023-05-07 12:04:26,537 "GET /accounts/login/?next=/ HTTP/1.1" 200 3989
INFO 2023-05-07 12:04:30,409 "POST /accounts/login/ HTTP/1.1" 302 0
INFO 2023-05-07 12:04:30,452 "GET / HTTP/1.1" 200 9298
WARNING 2023-05-07 12:04:30,913 "GET /static/plugins/Datatables/pdfmake.min.js.map HTTP/1.1" 404 1870
INFO 2023-05-07 12:07:15,055 "GET /accounts/logout/ HTTP/1.1" 302 0
INFO 2023-05-07 12:07:15,070 "GET / HTTP/1.1" 302 0
INFO 2023-05-07 12:07:15,086 "GET /accounts/login/?next=/ HTTP/1.1" 200 3989
